<?xml version="1.0" encoding="UTF-8"?>
<!-- Generated by org.testng.reporters.JUnitXMLReporter -->
<testsuite ignored="2" hostname="DESKTOP-25SBVBQ" failures="0" tests="1" name="Default test" time="18.795" errors="0" timestamp="2022-12-11T12:12:02 IST">
  <testcase classname="Automation.OrangeHRM.PimTest" name="SrchEmployeeByNameIdStatus" time="0.903"/>
  <testcase classname="Automation.OrangeHRM.PimTest" name="SearchEmployeeByNameAndId" time="0.0">
    <ignored/>
  </testcase> <!-- SearchEmployeeByNameAndId -->
  <testcase classname="Automation.OrangeHRM.PimTest" name="SearchEmployeeByName" time="0.0">
    <ignored/>
  </testcase> <!-- SearchEmployeeByName -->
</testsuite> <!-- Default test -->
