<?xml version="1.0" encoding="UTF-8"?>
<!-- Generated by org.testng.reporters.JUnitXMLReporter -->
<testsuite ignored="2" hostname="DESKTOP-25SBVBQ" failures="0" tests="1" name="Automation.OrangeHRM.PimTest" time="0.087" errors="0" timestamp="2022-12-11T12:10:25 IST">
  <testcase classname="Automation.OrangeHRM.PimTest" name="@BeforeTest initialize" time="0.016">
    <failure type="java.io.FileNotFoundException" message="C:\Users\Admin\Java-Selenium\profileon\src\main\java\resources\data.properties (The system cannot find the path specified)">
      <![CDATA[java.io.FileNotFoundException: C:\Users\Admin\Java-Selenium\profileon\src\main\java\resources\data.properties (The system cannot find the path specified)
at java.base/java.io.FileInputStream.open0(Native Method)
at java.base/java.io.FileInputStream.open(FileInputStream.java:219)
at java.base/java.io.FileInputStream.<init>(FileInputStream.java:158)
at java.base/java.io.FileInputStream.<init>(FileInputStream.java:112)
at resources.base.initializeDriver(base.java:23)
at Automation.OrangeHRM.PimTest.initialize(PimTest.java:26)
... Removed 22 stack frames]]>
    </failure>
  </testcase> <!-- @BeforeTest initialize -->
  <testcase classname="Automation.OrangeHRM.PimTest" name="SrchEmployeeByNameIdStatus" time="0.0">
    <skipped/>
  </testcase> <!-- SrchEmployeeByNameIdStatus -->
  <testcase classname="Automation.OrangeHRM.PimTest" name="SearchEmployeeByNameAndId" time="0.0">
    <ignored/>
  </testcase> <!-- SearchEmployeeByNameAndId -->
  <testcase classname="Automation.OrangeHRM.PimTest" name="SearchEmployeeByName" time="0.0">
    <ignored/>
  </testcase> <!-- SearchEmployeeByName -->
</testsuite> <!-- Automation.OrangeHRM.PimTest -->
