<?xml version="1.0" encoding="UTF-8"?>
<!-- Generated by org.testng.reporters.JUnitXMLReporter -->
<testsuite ignored="0" hostname="DESKTOP-25SBVBQ" failures="0" tests="6" name="Automation.profileon.LoginTest" time="22.457" errors="0" timestamp="2022-12-10T08:40:59 IST">
  <testcase classname="Automation.profileon.LoginTest" name="emptyPassword" time="7.555"/>
  <testcase classname="Automation.profileon.LoginTest" name="emptyUsername" time="1.302"/>
  <testcase classname="Automation.profileon.LoginTest" name="validUsernameWithInValidPassword" time="2.615"/>
  <testcase classname="Automation.profileon.LoginTest" name="invalidUsernameWithInValidPassword" time="2.356"/>
  <testcase classname="Automation.profileon.LoginTest" name="invalidUsernameWithValidPassword" time="2.346"/>
  <testcase classname="Automation.profileon.LoginTest" name="loginToTheSystemWithValidCredentials" time="3.037"/>
</testsuite> <!-- Automation.profileon.LoginTest -->
