<?xml version="1.0" encoding="UTF-8"?>
<!-- Generated by org.testng.reporters.JUnitXMLReporter -->
<testsuite ignored="0" hostname="DESKTOP-25SBVBQ" failures="0" tests="6" name="Test" time="31.42" errors="0" timestamp="2022-12-10T00:20:49 IST">
  <testcase classname="Automation.profileon.LoginTest" name="emptyPassword" time="12.075"/>
  <testcase classname="Automation.profileon.LoginTest" name="emptyUsername" time="1.488"/>
  <testcase classname="Automation.profileon.LoginTest" name="validUsernameWithInValidPassword" time="4.007"/>
  <testcase classname="Automation.profileon.LoginTest" name="invalidUsernameWithInValidPassword" time="3.168"/>
  <testcase classname="Automation.profileon.LoginTest" name="invalidUsernameWithValidPassword" time="3.197"/>
  <testcase classname="Automation.profileon.LoginTest" name="loginToTheSystemWithValidCredentials" time="3.403"/>
</testsuite> <!-- Test -->
