<?xml version="1.0" encoding="UTF-8"?>
<testsuite xmlns:xsi="http://www.w3.org/2001/XMLSchema-instance" xsi:noNamespaceSchemaLocation="https://maven.apache.org/surefire/maven-surefire-plugin/xsd/surefire-test-report.xsd" name="TestSuite" time="13.035" tests="10" errors="0" skipped="9" failures="1">
  <properties>
[...]
</properties>
  <testcase name="initialize" classname="Automation.OrangeHRM.LoginTest" time="6.802">
    <failure message="C:\Users\Admin\Java-Selenium\OrangeHRM\src\main\java\resources\data.properties (The system cannot find the path specified)" type="java.io.FileNotFoundException">java.io.FileNotFoundException: C:\Users\Admin\Java-Selenium\OrangeHRM\src\main\java\resources\data.properties (The system cannot find the path specified)
	at Automation.OrangeHRM.LoginTest.initialize(LoginTest.java:33)
</failure>
    <system-err><![CDATA[SLF4J: Failed to load class "org.slf4j.impl.StaticLoggerBinder".
SLF4J: Defaulting to no-operation (NOP) logger implementation
SLF4J: See http://www.slf4j.org/codes.html#StaticLoggerBinder for further details.
]]></system-err>
  </testcase>
  <testcase name="initialize" classname="Automation.OrangeHRM.PimTest" time="0">
    <skipped/>
  </testcase>
  <testcase name="emptyPassword" classname="Automation.OrangeHRM.LoginTest" time="0">
    <skipped message="C:\Users\Admin\Java-Selenium\OrangeHRM\src\main\java\resources\data.properties (The system cannot find the path specified)"/>
  </testcase>
  <testcase name="emptyUsername" classname="Automation.OrangeHRM.LoginTest" time="0">
    <skipped message="C:\Users\Admin\Java-Selenium\OrangeHRM\src\main\java\resources\data.properties (The system cannot find the path specified)"/>
  </testcase>
  <testcase name="validUsernameWithInValidPassword" classname="Automation.OrangeHRM.LoginTest" time="0">
    <skipped message="C:\Users\Admin\Java-Selenium\OrangeHRM\src\main\java\resources\data.properties (The system cannot find the path specified)"/>
  </testcase>
  <testcase name="invalidUsernameWithInValidPassword" classname="Automation.OrangeHRM.LoginTest" time="0">
    <skipped message="C:\Users\Admin\Java-Selenium\OrangeHRM\src\main\java\resources\data.properties (The system cannot find the path specified)"/>
  </testcase>
  <testcase name="invalidUsernameWithValidPassword" classname="Automation.OrangeHRM.LoginTest" time="0">
    <skipped message="C:\Users\Admin\Java-Selenium\OrangeHRM\src\main\java\resources\data.properties (The system cannot find the path specified)"/>
  </testcase>
  <testcase name="loginToTheSystemWithValidCredentials" classname="Automation.OrangeHRM.LoginTest" time="0">
    <skipped message="C:\Users\Admin\Java-Selenium\OrangeHRM\src\main\java\resources\data.properties (The system cannot find the path specified)"/>
  </testcase>
  <testcase name="SrchEmployeeByNameIdStatus" classname="Automation.OrangeHRM.PimTest" time="0">
    <skipped message="C:\Users\Admin\Java-Selenium\OrangeHRM\src\main\java\resources\data.properties (The system cannot find the path specified)"/>
  </testcase>
  <testcase name="teardown" classname="Automation.OrangeHRM.LoginTest" time="0">
    <skipped/>
  </testcase>
</testsuite>