<?xml version="1.0" encoding="UTF-8"?>
<testng-results ignored="2" total="3" passed="1" failed="0" skipped="0">
  <reporter-output>
  </reporter-output>
  <suite started-at="2022-12-11T12:11:43 IST" name="Default suite" finished-at="2022-12-11T12:12:02 IST" duration-ms="18795">
    <groups>
    </groups>
    <test started-at="2022-12-11T12:11:43 IST" name="Default test" finished-at="2022-12-11T12:12:02 IST" duration-ms="18795">
      <class name="Automation.OrangeHRM.PimTest">
        <test-method is-config="true" signature="initialize()[pri:0, instance:Automation.OrangeHRM.PimTest@1623b78d]" started-at="2022-12-11T12:11:43 IST" name="initialize" finished-at="2022-12-11T12:12:01 IST" duration-ms="17823" status="PASS">
          <reporter-output>
          </reporter-output>
        </test-method> <!-- initialize -->
        <test-method signature="SrchEmployeeByNameIdStatus()[pri:3, instance:Automation.OrangeHRM.PimTest@1623b78d]" started-at="2022-12-11T12:12:01 IST" name="SrchEmployeeByNameIdStatus" finished-at="2022-12-11T12:12:02 IST" duration-ms="903" status="PASS">
          <reporter-output>
          </reporter-output>
        </test-method> <!-- SrchEmployeeByNameIdStatus -->
      </class> <!-- Automation.OrangeHRM.PimTest -->
    </test> <!-- Default test -->
  </suite> <!-- Default suite -->
</testng-results>
